SF:src\cmdfzf.py
DA:1,1
DA:2,1
DA:3,1
DA:4,1
DA:5,1
DA:8,1
DA:10,1
DA:12,1
DA:13,1
DA:14,1
DA:15,1
DA:17,1
DA:19,1
DA:21,1
DA:25,1
DA:26,1
DA:27,1
DA:28,1
DA:29,1
DA:51,1
DA:52,1
DA:54,1
DA:55,1
DA:56,1
DA:57,1
DA:59,1
DA:61,1
DA:62,1
DA:63,1
DA:64,1
DA:71,1
DA:72,1
DA:73,1
DA:74,1
DA:75,0
DA:76,0
DA:78,1
DA:80,1
DA:81,1
DA:83,1
DA:85,1
DA:86,0
DA:87,0
DA:88,1
DA:90,1
DA:92,1
DA:93,1
DA:94,1
DA:95,1
DA:96,1
DA:98,1
DA:100,1
DA:101,1
DA:102,1
DA:103,1
DA:104,1
DA:105,1
DA:107,1
DA:109,1
DA:112,1
DA:118,1
DA:124,1
DA:129,1
DA:135,1
DA:138,1
DA:139,1
DA:140,1
DA:143,1
DA:144,1
DA:145,1
DA:146,1
DA:149,1
DA:150,1
DA:151,1
DA:152,1
DA:155,1
DA:156,1
DA:157,1
DA:159,0
DA:160,0
DA:162,1
DA:163,0
LF:82
LH:75
FN:10,15,get_cmd_files
FNDA:1,get_cmd_files
FN:17,57,run_fzf_with_preview
FNDA:1,run_fzf_with_preview
FN:59,76,show_preview
FNDA:1,show_preview
FN:78,96,get_user_edited_command
FNDA:1,get_user_edited_command
FN:98,105,execute_command
FNDA:1,execute_command
FN:107,160,main
FNDA:1,main
FNF:6
FNH:6
end_of_record
SF:src\cmdlist.py
DA:1,1
DA:2,1
DA:3,1
DA:4,1
DA:5,1
DA:7,1
DA:9,1
DA:10,1
DA:11,1
DA:13,1
DA:15,1
DA:16,1
DA:17,1
DA:18,1
DA:19,1
DA:20,1
DA:21,1
DA:22,1
DA:23,1
DA:24,1
DA:25,1
DA:26,1
DA:27,1
DA:30,1
DA:33,1
DA:34,1
DA:35,1
DA:36,1
DA:37,1
DA:38,1
DA:39,1
DA:40,1
DA:41,1
DA:42,1
DA:43,1
DA:44,1
DA:45,1
DA:47,0
DA:49,1
DA:50,1
DA:51,1
DA:53,1
DA:56,1
DA:57,1
DA:58,1
DA:60,1
DA:61,1
DA:64,1
DA:70,1
DA:76,1
DA:81,1
DA:86,1
DA:90,1
DA:96,1
DA:99,1
DA:100,1
DA:101,1
DA:103,1
DA:112,1
DA:113,0
LF:60
LH:58
FN:7,58,list_cmd_files
FNDA:1,list_cmd_files
FN:60,110,main
FNDA:1,main
FNF:2
FNH:2
end_of_record
SF:src\debug.py
DA:2,1
DA:3,1
DA:6,1
DA:9,1
DA:16,1
DA:17,1
DA:19,1
DA:26,1
DA:27,1
DA:28,1
DA:30,1
DA:32,1
DA:34,1
DA:36,1
DA:38,1
DA:42,1
DA:43,1
LF:17
LH:17
FN:9,17,Debug.__init__
FNDA:1,Debug.__init__
FN:19,30,Debug.print
FNDA:1,Debug.print
FN:32,34,Debug.on
FNDA:1,Debug.on
FN:36,38,Debug.off
FNDA:1,Debug.off
FNF:4
FNH:4
end_of_record
SF:src\gencmd.py
DA:1,1
DA:2,1
DA:3,1
DA:4,1
DA:5,1
DA:6,1
DA:8,1
DA:10,0
DA:11,0
DA:12,0
DA:16,0
DA:17,0
DA:19,1
DA:21,0
DA:22,0
DA:24,0
DA:25,0
DA:30,0
DA:31,0
DA:33,1
DA:35,0
DA:36,0
DA:38,0
DA:39,0
DA:45,0
DA:46,0
DA:48,1
DA:50,1
DA:51,1
DA:52,1
DA:54,1
DA:55,1
DA:56,1
DA:59,1
DA:61,1
DA:64,1
DA:65,1
DA:66,1
DA:67,1
DA:68,1
DA:71,1
DA:72,1
DA:73,1
DA:75,1
DA:76,1
DA:77,1
DA:79,1
DA:81,1
DA:82,1
DA:83,1
DA:85,1
DA:86,1
DA:88,1
DA:89,1
DA:90,1
DA:91,1
DA:92,1
DA:94,1
DA:95,1
DA:96,1
DA:98,1
DA:100,1
DA:101,1
DA:109,1
DA:110,1
DA:111,1
DA:112,1
DA:113,1
DA:114,1
DA:115,1
DA:116,1
DA:118,1
DA:120,1
DA:123,1
DA:130,1
DA:134,1
DA:139,1
DA:144,1
DA:150,1
DA:151,1
DA:153,1
DA:155,1
DA:156,1
DA:157,1
DA:158,1
DA:161,1
DA:164,1
DA:165,1
DA:168,1
DA:169,1
DA:170,1
DA:172,1
DA:173,1
DA:177,1
DA:179,1
DA:181,0
DA:182,0
DA:184,1
DA:185,1
DA:186,1
DA:187,1
DA:188,0
DA:190,1
DA:192,1
DA:193,1
DA:194,1
DA:195,1
DA:196,0
DA:197,0
DA:199,1
DA:204,1
DA:205,1
DA:207,1
DA:210,1
DA:211,1
DA:217,1
DA:218,1
DA:219,1
DA:220,1
DA:222,1
DA:223,1
DA:226,1
DA:227,1
DA:228,1
DA:229,0
DA:231,1
DA:234,1
DA:243,1
DA:244,1
DA:245,1
DA:246,1
DA:247,1
DA:248,1
DA:249,1
DA:251,1
DA:252,0
LF:136
LH:112
FN:8,17,select_python_script
FNDA:0,select_python_script
FN:19,31,select_cmd_file
FNDA:0,select_cmd_file
FN:33,46,select_output_directory
FNDA:0,select_output_directory
FN:48,96,extract_python_and_script_paths_and_env
FNDA:1,extract_python_and_script_paths_and_env
FN:98,116,get_python_interpreter_for_conda_env
FNDA:1,get_python_interpreter_for_conda_env
FN:118,249,main
FNDA:1,main
FNF:6
FNH:3
end_of_record
SF:src\generate-issue-md.py
DA:16,1
DA:17,1
DA:18,1
DA:19,1
DA:20,1
DA:21,1
DA:22,1
DA:25,1
DA:28,1
DA:46,1
DA:47,1
DA:48,1
DA:49,1
DA:50,1
DA:51,1
DA:52,1
DA:55,1
DA:65,1
DA:66,1
DA:67,1
DA:68,1
DA:69,1
DA:70,1
DA:71,1
DA:74,1
DA:88,1
DA:93,1
DA:94,1
DA:95,1
DA:96,0
DA:97,0
DA:98,1
DA:99,1
DA:100,1
DA:101,1
DA:102,1
DA:103,1
DA:104,1
DA:105,0
DA:106,1
DA:109,1
DA:123,1
DA:124,1
DA:126,1
DA:130,1
DA:131,1
DA:132,0
DA:133,1
DA:134,1
DA:137,1
DA:138,1
DA:139,0
DA:140,1
DA:141,1
DA:142,1
DA:143,1
DA:146,1
DA:147,1
DA:148,0
DA:149,1
DA:150,1
DA:152,1
DA:155,1
DA:162,1
DA:163,1
DA:164,1
DA:165,1
DA:166,1
DA:167,1
DA:168,1
DA:170,1
DA:171,1
DA:172,1
DA:174,1
DA:175,1
DA:178,1
DA:188,1
DA:189,1
DA:190,1
DA:191,1
DA:192,1
DA:193,1
DA:194,1
DA:195,1
DA:198,1
DA:227,1
DA:230,1
DA:231,1
DA:232,1
DA:233,1
DA:234,1
DA:237,1
DA:238,1
DA:239,1
DA:240,1
DA:241,1
DA:242,1
DA:243,1
DA:244,1
DA:246,1
DA:247,1
DA:248,1
DA:249,1
DA:251,1
DA:258,1
DA:259,1
DA:260,1
DA:261,1
DA:263,1
DA:264,1
DA:265,1
DA:266,1
DA:268,1
DA:270,1
DA:271,1
DA:273,1
DA:274,1
DA:275,1
DA:277,1
DA:278,1
DA:279,1
DA:280,1
DA:282,1
DA:283,1
DA:284,1
DA:285,1
DA:286,1
DA:288,1
DA:289,1
DA:290,1
DA:291,1
DA:293,1
DA:294,1
DA:295,1
DA:296,1
DA:298,1
DA:299,1
DA:300,1
DA:302,1
DA:303,0
DA:304,0
DA:305,0
DA:306,0
DA:307,0
DA:308,0
DA:309,0
DA:312,1
DA:313,1
DA:314,1
DA:315,1
DA:316,1
DA:317,1
DA:318,1
DA:319,1
DA:321,1
DA:323,1
DA:326,1
DA:348,1
DA:352,1
DA:353,1
DA:354,1
DA:355,1
DA:358,1
DA:365,1
DA:366,1
DA:367,1
DA:368,1
DA:370,1
DA:371,1
DA:372,1
DA:374,1
DA:375,1
DA:377,1
DA:379,1
DA:383,1
DA:385,1
DA:387,1
DA:389,1
DA:392,1
DA:395,1
DA:398,1
DA:399,1
DA:400,1
DA:401,1
DA:404,1
DA:405,1
DA:406,1
DA:407,1
DA:413,1
DA:414,1
DA:415,1
DA:421,1
DA:422,1
DA:423,0
DA:428,0
DA:430,1
DA:431,1
DA:432,1
DA:433,1
DA:434,1
DA:435,1
DA:436,1
DA:437,1
DA:438,1
DA:439,1
DA:442,1
DA:443,0
DA:448,1
DA:453,1
DA:456,1
DA:457,0
DA:458,0
DA:459,0
DA:460,0
DA:461,0
LF:215
LH:194
FN:28,52,github_anchor
FNDA:1,github_anchor
FN:55,71,run_gh_command
FNDA:1,run_gh_command
FN:74,106,get_issues
FNDA:1,get_issues
FN:109,152,get_issue_details
FNDA:1,get_issue_details
FN:155,175,list_assignees
FNDA:1,list_assignees
FN:178,195,list_milestones
FNDA:1,list_milestones
FN:198,323,build_markdown
FNDA:1,build_markdown
FN:326,355,write_markdown
FNDA:1,write_markdown
FN:358,453,main
FNDA:1,main
FNF:9
FNH:9
end_of_record
SF:src\markcms.py
DA:32,1
DA:33,1
DA:34,1
DA:35,1
DA:36,1
DA:37,1
DA:38,1
DA:39,1
DA:40,1
DA:47,1
DA:48,1
DA:49,1
DA:52,1
DA:53,1
DA:54,0
DA:55,0
DA:56,0
DA:57,0
DA:58,0
DA:59,0
DA:60,0
DA:63,1
DA:66,1
DA:69,1
DA:72,1
DA:75,1
DA:78,1
DA:82,1
DA:85,1
DA:98,1
DA:100,1
DA:101,1
DA:104,1
DA:105,1
DA:106,1
DA:107,1
DA:108,1
DA:109,1
DA:110,1
DA:111,1
DA:112,1
DA:113,1
DA:114,1
DA:115,1
DA:116,1
DA:123,1
DA:127,1
DA:130,1
DA:132,1
DA:133,1
DA:134,1
DA:135,1
DA:136,1
DA:139,1
DA:140,1
DA:141,1
DA:142,1
DA:144,1
DA:146,1
DA:148,1
DA:149,1
DA:150,1
DA:151,1
DA:152,1
DA:153,1
DA:154,1
DA:157,1
DA:158,1
DA:159,1
DA:161,1
DA:162,1
DA:163,1
DA:164,1
DA:165,1
DA:166,0
DA:167,1
DA:168,1
DA:169,0
DA:170,0
DA:172,1
DA:173,1
DA:174,1
DA:175,1
DA:176,1
DA:177,1
DA:179,1
DA:180,0
DA:182,1
DA:185,1
DA:186,1
DA:187,1
DA:188,1
DA:189,1
DA:190,1
DA:191,1
DA:194,1
DA:196,1
DA:197,1
DA:198,1
DA:199,1
DA:200,1
DA:201,1
DA:203,1
DA:206,1
DA:207,1
DA:208,1
DA:209,1
DA:210,1
DA:211,1
DA:212,1
DA:214,1
DA:215,1
DA:217,1
DA:218,1
DA:219,1
DA:220,1
DA:223,1
DA:224,1
DA:225,1
DA:226,1
DA:227,1
DA:228,1
DA:229,1
DA:231,1
DA:232,1
DA:234,1
DA:235,1
DA:236,1
DA:239,1
DA:240,1
DA:241,1
DA:242,1
DA:243,1
DA:244,1
DA:247,1
DA:249,1
DA:250,1
DA:252,1
DA:255,1
DA:263,1
DA:264,1
DA:265,1
DA:267,1
DA:269,1
DA:270,1
DA:272,1
DA:273,1
DA:274,1
DA:275,1
DA:276,1
DA:278,1
DA:279,1
DA:281,1
DA:282,1
DA:283,1
DA:284,1
DA:285,1
DA:286,1
DA:288,1
DA:289,1
DA:290,1
DA:291,1
DA:292,1
DA:293,1
DA:295,0
DA:296,0
DA:297,0
DA:298,0
DA:299,0
DA:300,0
DA:302,1
DA:303,1
DA:305,1
DA:306,1
DA:307,1
DA:308,1
DA:309,1
DA:311,1
DA:312,1
DA:313,1
DA:314,1
DA:315,1
DA:316,1
DA:317,1
DA:319,1
DA:320,1
DA:321,0
DA:322,1
DA:323,1
DA:324,0
DA:325,0
DA:326,1
DA:328,1
DA:329,1
DA:330,1
DA:331,1
DA:332,1
DA:333,1
DA:334,1
DA:335,0
DA:336,0
DA:338,1
DA:339,1
DA:340,1
DA:341,1
DA:342,1
DA:343,1
DA:344,1
DA:345,1
DA:346,1
DA:347,1
DA:348,1
DA:349,1
DA:350,1
DA:351,1
DA:352,1
DA:354,1
DA:357,1
DA:366,1
DA:367,1
DA:370,1
DA:371,1
DA:372,1
DA:373,1
DA:376,1
DA:377,1
DA:378,1
DA:379,1
DA:381,1
DA:382,1
DA:383,1
DA:384,1
DA:385,1
DA:386,1
DA:387,1
DA:396,1
DA:398,1
DA:400,1
DA:403,1
DA:404,1
DA:405,1
DA:406,1
DA:407,1
DA:408,1
DA:410,1
DA:413,1
DA:414,1
DA:417,1
DA:422,1
DA:427,1
DA:432,1
DA:437,1
DA:442,1
DA:447,1
DA:452,1
DA:457,1
DA:462,1
DA:467,1
DA:469,1
DA:470,1
DA:471,1
DA:473,1
DA:474,0
DA:476,1
DA:477,1
DA:478,1
DA:479,1
DA:481,1
DA:483,0
DA:485,1
DA:486,1
DA:488,1
DA:489,1
DA:490,1
DA:491,1
DA:492,1
DA:493,1
DA:494,1
DA:495,1
DA:496,0
DA:497,0
DA:498,0
DA:500,1
DA:502,1
DA:503,1
DA:504,1
DA:505,1
DA:506,1
DA:507,1
DA:508,1
DA:512,1
DA:514,0
DA:519,1
DA:522,1
DA:525,1
DA:528,1
DA:531,1
DA:536,1
DA:537,1
DA:539,1
DA:540,1
DA:541,1
DA:543,1
DA:544,0
DA:545,0
DA:547,1
DA:548,1
DA:549,1
DA:550,1
DA:551,1
DA:552,1
DA:553,1
DA:554,1
DA:556,1
DA:557,0
DA:558,0
DA:559,0
DA:561,1
DA:562,1
DA:563,1
DA:564,1
DA:565,1
DA:566,1
DA:567,0
DA:569,1
DA:570,1
DA:571,1
DA:573,1
DA:574,1
DA:576,1
DA:577,1
DA:578,0
DA:580,1
DA:581,0
DA:582,0
DA:583,0
DA:585,1
DA:586,1
DA:588,1
DA:589,1
DA:590,1
DA:591,1
DA:592,1
DA:593,1
DA:594,1
DA:597,1
DA:598,1
DA:599,1
DA:600,1
DA:601,1
DA:602,1
DA:604,1
DA:605,1
DA:606,1
DA:607,1
DA:608,1
DA:611,1
DA:612,0
DA:615,1
DA:616,1
DA:617,1
DA:618,1
DA:628,1
DA:630,1
DA:631,1
DA:634,1
DA:636,1
DA:637,1
DA:639,1
DA:647,1
DA:657,1
DA:658,1
DA:659,1
DA:660,0
DA:661,0
DA:664,1
DA:665,1
DA:666,1
DA:667,0
DA:668,0
DA:670,0
DA:671,0
DA:673,1
DA:674,1
DA:675,1
DA:676,1
DA:678,1
DA:679,1
DA:681,1
DA:682,1
DA:684,1
DA:685,1
DA:686,1
DA:687,1
DA:688,1
DA:690,1
DA:693,1
DA:694,0
DA:695,0
DA:696,0
DA:697,0
DA:698,0
DA:699,0
DA:701,0
LF:404
LH:352
FN:98,101,resolve_path
FNDA:1,resolve_path
FN:104,127,load_config
FNDA:1,load_config
FN:130,182,list_placeholders
FNDA:1,list_placeholders
FN:185,191,extract_frontmatter
FNDA:1,extract_frontmatter
FN:194,203,get_menu_key
FNDA:1,get_menu_key
FN:206,220,get_menu_content
FNDA:1,get_menu_content
FN:223,236,get_sitemap_content
FNDA:1,get_sitemap_content
FN:239,244,_is_subpath
FNDA:1,_is_subpath
FN:247,252,make_relative_path
FNDA:1,make_relative_path
FN:255,354,generate_gallery_content
FNDA:1,generate_gallery_content
FN:357,400,expand_placeholders
FNDA:1,expand_placeholders
FN:403,410,load_template_file
FNDA:1,load_template_file
FN:413,690,main
FNDA:1,main
FNF:13
FNH:13
end_of_record
